<?xml version="1.0" encoding="UTF-8"?>
<!-- Generated by org.testng.reporters.JUnitReportReporter -->
<testsuite hostname="DESKTOP-MAGKF8V" failures="0" tests="5" name="com.salesforce.automationscript.AutomationScript" time="90.071" errors="0" timestamp="2022-09-30T08:47:09 CDT" skipped="0">
  <testcase classname="com.salesforce.automationscript.AutomationScript" name="checkRememberMeTC03" time="31.829"/>
  <system-out/>
  <testcase classname="com.salesforce.automationscript.AutomationScript" name="loginErrorMessageTC01" time="13.148"/>
  <system-out/>
  <testcase classname="com.salesforce.automationscript.AutomationScript" name="forgotPasswardTC04B" time="12.369"/>
  <system-out/>
  <testcase classname="com.salesforce.automationscript.AutomationScript" name="loginToSalesForceTC02" time="14.973"/>
  <system-out/>
  <testcase classname="com.salesforce.automationscript.AutomationScript" name="forgotPasswardTC04A" time="17.752"/>
  <system-out/>
</testsuite> <!-- com.salesforce.automationscript.AutomationScript -->
