<?xml version="1.0" encoding="UTF-8"?>
<!-- Generated by org.testng.reporters.JUnitReportReporter -->
<testsuite hostname="DESKTOP-MAGKF8V" failures="0" tests="5" name="RunnerSalesforce" time="141.091" errors="0" timestamp="2022-10-22T06:00:16 CDT" skipped="0">
  <testcase classname="RunnerSalesforce" name="runScenario" time="16.849"/>
  <system-out/>
  <testcase classname="RunnerSalesforce" name="runScenario" time="29.079"/>
  <system-out/>
  <testcase classname="RunnerSalesforce" name="runScenario" time="16.885"/>
  <system-out/>
  <testcase classname="RunnerSalesforce" name="runScenario" time="34.850"/>
  <system-out/>
  <testcase classname="RunnerSalesforce" name="runScenario" time="43.428"/>
  <system-out/>
</testsuite> <!-- RunnerSalesforce -->
