<?xml version="1.0" encoding="UTF-8"?>
<!-- Generated by org.testng.reporters.JUnitReportReporter -->
<testsuite hostname="DESKTOP-MAGKF8V" failures="0" tests="5" name="RunnerSalesforce" time="136.307" errors="0" timestamp="2022-10-09T12:59:32 CDT" skipped="0">
  <testcase classname="RunnerSalesforce" name="runScenario" time="16.273"/>
  <system-out/>
  <testcase classname="RunnerSalesforce" name="runScenario" time="32.714"/>
  <system-out/>
  <testcase classname="RunnerSalesforce" name="runScenario" time="18.969"/>
  <system-out/>
  <testcase classname="RunnerSalesforce" name="runScenario" time="41.541"/>
  <system-out/>
  <testcase classname="RunnerSalesforce" name="runScenario" time="26.810"/>
  <system-out/>
</testsuite> <!-- RunnerSalesforce -->
