<?xml version="1.0" encoding="UTF-8"?>
<!-- Generated by org.testng.reporters.JUnitReportReporter -->
<testsuite hostname="DESKTOP-MAGKF8V" failures="0" tests="1" name="com.APItests.SimpleCRUD" time="2.290" errors="0" timestamp="2022-10-14T20:03:56 CDT" skipped="0">
  <testcase classname="com.APItests.SimpleCRUD" name="FirstTest2" time="2.290"/>
  <system-out/>
</testsuite> <!-- com.APItests.SimpleCRUD -->
