<?xml version="1.0" encoding="UTF-8"?>
<!-- Generated by org.testng.reporters.JUnitReportReporter -->
<testsuite hostname="DESKTOP-MAGKF8V" failures="0" tests="5" name="com.APItests.LoginToTeckarchPOJO" time="25.683" errors="0" timestamp="2022-10-19T09:29:29 CDT" skipped="0">
  <testcase classname="com.APItests.LoginToTeckarchPOJO" name="updateUser" time="2.669"/>
  <system-out/>
  <testcase classname="com.APItests.LoginToTeckarchPOJO" name="deleteUser" time="0.606"/>
  <system-out/>
  <testcase classname="com.APItests.LoginToTeckarchPOJO" name="getUsersDetail" time="9.682"/>
  <system-out/>
  <testcase classname="com.APItests.LoginToTeckarchPOJO" name="loginToApi" time="0.161"/>
  <system-out/>
  <testcase classname="com.APItests.LoginToTeckarchPOJO" name="createUser" time="12.565"/>
  <system-out/>
</testsuite> <!-- com.APItests.LoginToTeckarchPOJO -->
