<?xml version="1.0" encoding="UTF-8"?>
<!-- Generated by org.testng.reporters.JUnitReportReporter -->
<testsuite hostname="DESKTOP-MAGKF8V" failures="0" tests="5" name="com.APItests.APItestScript" time="23.326" errors="0" timestamp="2022-11-14T06:43:53 CST" skipped="0">
  <testcase classname="com.APItests.APItestScript" name="TC05_deleteUser" time="2.885"/>
  <system-out/>
  <testcase classname="com.APItests.APItestScript" name="TC01_loginToApi" time="0.522"/>
  <system-out/>
  <testcase classname="com.APItests.APItestScript" name="T02_getUsersDetail" time="13.181"/>
  <system-out/>
  <testcase classname="com.APItests.APItestScript" name="TC04_updateUser" time="2.930"/>
  <system-out/>
  <testcase classname="com.APItests.APItestScript" name="TC03_createUser" time="3.808"/>
  <system-out/>
</testsuite> <!-- com.APItests.APItestScript -->
