<?xml version="1.0" encoding="UTF-8"?>
<!-- Generated by org.testng.reporters.JUnitReportReporter -->
<testsuite hostname="DESKTOP-MAGKF8V" failures="0" tests="5" name="com.utilities.Listener" time="15.725" errors="0" timestamp="2022-11-14T06:43:53 CST" skipped="0">
  <testcase classname="com.utilities.Listener" name="TC01_loginToApi" time="0.236"/>
  <system-out/>
  <testcase classname="com.utilities.Listener" name="TC03_createUser" time="0.575"/>
  <system-out/>
  <testcase classname="com.utilities.Listener" name="TC04_updateUser" time="2.292"/>
  <system-out/>
  <testcase classname="com.utilities.Listener" name="T02_getUsersDetail" time="12.195"/>
  <system-out/>
  <testcase classname="com.utilities.Listener" name="TC05_deleteUser" time="0.427"/>
  <system-out/>
</testsuite> <!-- com.utilities.Listener -->
