<?xml version="1.0" encoding="UTF-8"?>
<!-- Generated by org.testng.reporters.JUnitReportReporter -->
<testsuite hostname="DESKTOP-MAGKF8V" failures="0" tests="5" name="com.APItests.EndToEndTest" time="12.518" errors="0" timestamp="2022-10-22T06:31:50 CDT" skipped="3">
  <testcase classname="com.APItests.EndToEndTest" name="getUsersDetail" time="10.630"/>
  <system-out/>
  <testcase classname="com.APItests.EndToEndTest" name="deleteUser" time="1.888"/>
  <system-out/>
  <testcase classname="com.APItests.EndToEndTest" name="loginToApi">
    <skipped/>
  </testcase> <!-- loginToApi -->
  <system-out/>
  <testcase classname="com.APItests.EndToEndTest" name="updateUser">
    <skipped/>
  </testcase> <!-- updateUser -->
  <system-out/>
  <testcase classname="com.APItests.EndToEndTest" name="createUser">
    <skipped/>
  </testcase> <!-- createUser -->
  <system-out/>
</testsuite> <!-- com.APItests.EndToEndTest -->
