<?xml version="1.0" encoding="UTF-8"?>
<!-- Generated by org.testng.reporters.JUnitReportReporter -->
<testsuite hostname="DESKTOP-MAGKF8V" failures="0" tests="1" name="com.simpletests.GpathJsoncopy" time="1.337" errors="0" timestamp="2022-10-13T21:24:31 CDT" skipped="0">
  <testcase classname="com.simpletests.GpathJsoncopy" name="extractSingleValue_findSingleTeamName" time="1.337"/>
  <system-out/>
</testsuite> <!-- com.simpletests.GpathJsoncopy -->
