<?xml version="1.0" encoding="UTF-8"?>
<!-- Generated by org.testng.reporters.JUnitReportReporter -->
<testsuite hostname="DESKTOP-MAGKF8V" failures="0" tests="1" name="com.pojo.LoginToTeckarchPOJO" time="4.436" errors="0" timestamp="2022-10-18T12:36:59 CDT" skipped="0">
  <testcase classname="com.pojo.LoginToTeckarchPOJO" name="updateUser" time="4.436"/>
  <system-out/>
</testsuite> <!-- com.pojo.LoginToTeckarchPOJO -->
