<?xml version="1.0" encoding="UTF-8"?>
<!-- Generated by org.testng.reporters.JUnitReportReporter -->
<testsuite hostname="DESKTOP-MAGKF8V" failures="0" tests="5" name="RunnerSalesforce" time="133.920" errors="0" timestamp="2022-10-08T14:42:58 CDT" skipped="0">
  <testcase classname="RunnerSalesforce" name="runScenario" time="24.829"/>
  <system-out/>
  <testcase classname="RunnerSalesforce" name="runScenario" time="16.941"/>
  <system-out/>
  <testcase classname="RunnerSalesforce" name="runScenario" time="32.624"/>
  <system-out/>
  <testcase classname="RunnerSalesforce" name="runScenario" time="41.060"/>
  <system-out/>
  <testcase classname="RunnerSalesforce" name="runScenario" time="18.466"/>
  <system-out/>
</testsuite> <!-- RunnerSalesforce -->
